  [4;36;1mSQL (1.6ms)[0m   [0;1m SELECT name
 FROM sqlite_master
 WHERE type = 'table' AND NOT name = 'sqlite_sequence'
[0m
  [4;35;1mSQL (0.6ms)[0m   [0mselect sqlite_version(*)[0m
  [4;36;1mSQL (7.6ms)[0m   [0;1mCREATE TABLE "schema_migrations" ("version" varchar(255) NOT NULL) [0m
  [4;35;1mSQL (0.3ms)[0m   [0mPRAGMA index_list("schema_migrations")[0m
  [4;36;1mSQL (6.5ms)[0m   [0;1mCREATE UNIQUE INDEX "unique_schema_migrations" ON "schema_migrations" ("version")[0m
  [4;35;1mSQL (0.9ms)[0m   [0m SELECT name
 FROM sqlite_master
 WHERE type = 'table' AND NOT name = 'sqlite_sequence'
[0m
  [4;36;1mSQL (0.5ms)[0m   [0;1mSELECT version FROM schema_migrations[0m
Migrating to CreateInventarios (20100715163844)
  [4;35;1mSQL (1.3ms)[0m   [0mCREATE TABLE "inventarios" ("id" INTEGER PRIMARY KEY AUTOINCREMENT NOT NULL, "area_id" integer, "codigo_old" varchar(255), "codigo_new" varchar(255), "item_id" integer, "marca_id" integer, "color_id" integer, "modelo" varchar(255), "serie" varchar(255), "estado_id" integer, "fecha_adq" date, "costo" decimal, "fecha_valoracion" date, "valoracion_inicial" decimal, "valoracion_actual" decimal, "observaciones" varchar(255), "created_at" datetime, "updated_at" datetime) [0m
  [4;36;1mSQL (0.4ms)[0m   [0;1mINSERT INTO schema_migrations (version) VALUES ('20100715163844')[0m
Migrating to CreateAreas (20100715163850)
  [4;35;1mSQL (1.4ms)[0m   [0mCREATE TABLE "areas" ("id" INTEGER PRIMARY KEY AUTOINCREMENT NOT NULL, "descripcion" varchar(255), "created_at" datetime, "updated_at" datetime) [0m
  [4;36;1mSQL (0.5ms)[0m   [0;1mINSERT INTO schema_migrations (version) VALUES ('20100715163850')[0m
Migrating to CreateItems (20100715163857)
  [4;35;1mSQL (1.3ms)[0m   [0mCREATE TABLE "items" ("id" INTEGER PRIMARY KEY AUTOINCREMENT NOT NULL, "descripcion" varchar(255), "grupo_id" integer, "created_at" datetime, "updated_at" datetime) [0m
  [4;36;1mSQL (1.2ms)[0m   [0;1mINSERT INTO schema_migrations (version) VALUES ('20100715163857')[0m
Migrating to CreateMarcas (20100715163904)
  [4;35;1mSQL (1.2ms)[0m   [0mCREATE TABLE "marcas" ("id" INTEGER PRIMARY KEY AUTOINCREMENT NOT NULL, "descripcion" varchar(255), "created_at" datetime, "updated_at" datetime) [0m
  [4;36;1mSQL (0.6ms)[0m   [0;1mINSERT INTO schema_migrations (version) VALUES ('20100715163904')[0m
Migrating to CreateEstados (20100715163910)
  [4;35;1mSQL (1.8ms)[0m   [0mCREATE TABLE "estados" ("id" INTEGER PRIMARY KEY AUTOINCREMENT NOT NULL, "descripcion" varchar(255), "created_at" datetime, "updated_at" datetime) [0m
  [4;36;1mSQL (0.8ms)[0m   [0;1mINSERT INTO schema_migrations (version) VALUES ('20100715163910')[0m
Migrating to CreateColors (20100715163917)
  [4;35;1mSQL (1.6ms)[0m   [0mCREATE TABLE "colors" ("id" INTEGER PRIMARY KEY AUTOINCREMENT NOT NULL, "descripcion" varchar(255), "created_at" datetime, "updated_at" datetime) [0m
  [4;36;1mSQL (0.8ms)[0m   [0;1mINSERT INTO schema_migrations (version) VALUES ('20100715163917')[0m
Migrating to CreateGrupos (20100715163924)
  [4;35;1mSQL (1.2ms)[0m   [0mCREATE TABLE "grupos" ("id" INTEGER PRIMARY KEY AUTOINCREMENT NOT NULL, "descripcion" varchar(255), "created_at" datetime, "updated_at" datetime) [0m
  [4;36;1mSQL (0.6ms)[0m   [0;1mINSERT INTO schema_migrations (version) VALUES ('20100715163924')[0m
  [4;35;1mSQL (1.5ms)[0m   [0m SELECT name
 FROM sqlite_master
 WHERE type = 'table' AND NOT name = 'sqlite_sequence'
[0m
  [4;36;1mSQL (1.7ms)[0m   [0;1mSELECT version FROM schema_migrations[0m
  [4;35;1mSQL (1.9ms)[0m   [0m SELECT name
 FROM sqlite_master
 WHERE type = 'table' AND NOT name = 'sqlite_sequence'
[0m
  [4;36;1mSQL (0.3ms)[0m   [0;1mPRAGMA index_list("areas")[0m
  [4;35;1mSQL (0.2ms)[0m   [0mPRAGMA index_list("colors")[0m
  [4;36;1mSQL (0.4ms)[0m   [0;1mPRAGMA index_list("estados")[0m
  [4;35;1mSQL (0.3ms)[0m   [0mPRAGMA index_list("grupos")[0m
  [4;36;1mSQL (0.2ms)[0m   [0;1mPRAGMA index_list("inventarios")[0m
  [4;35;1mSQL (0.2ms)[0m   [0mPRAGMA index_list("items")[0m
  [4;36;1mSQL (0.3ms)[0m   [0;1mPRAGMA index_list("marcas")[0m


Processing AreasController#index (for 127.0.0.1 at 2010-07-15 10:48:03) [GET]
  [4;36;1mArea Load (16.3ms)[0m   [0;1mSELECT * FROM "areas" [0m
Rendering template within layouts/areas
Rendering areas/index
Completed in 667ms (View: 617, DB: 16) | 200 OK [http://localhost/areas]


Processing InventariosController#index (for 127.0.0.1 at 2010-07-15 11:06:14) [GET]
  [4;36;1mInventario Load (3.1ms)[0m   [0;1mSELECT * FROM "inventarios" [0m
Rendering template within layouts/inventarios
Rendering inventarios/index
Completed in 142ms (View: 51, DB: 3) | 200 OK [http://localhost/inventarios]


Processing InventariosController#new (for 127.0.0.1 at 2010-07-15 11:06:24) [GET]
Rendering template within layouts/inventarios
Rendering inventarios/new
  [4;35;1mArea Load (21.4ms)[0m   [0mSELECT * FROM "areas" ORDER BY descripcion[0m
Completed in 325ms (View: 271, DB: 21) | 200 OK [http://localhost/inventarios/new]


Processing InventariosController#create (for 127.0.0.1 at 2010-07-15 11:06:42) [POST]
  Parameters: {"commit"=>"Create", "authenticity_token"=>"GpcXnNd/YBZNZCBMa2BqytKMS+XY662dDY2jm9ckF+s=", "inventario"=>{"fecha_adq(2i)"=>"7", "fecha_adq(3i)"=>"15", "valoracion_actual"=>"", "estado_id"=>"", "color_id"=>"", "observaciones"=>"", "fecha_valoracion(1i)"=>"2010", "costo"=>"", "area_id"=>"3", "fecha_valoracion(2i)"=>"7", "fecha_valoracion(3i)"=>"15", "serie"=>"", "codigo_old"=>"amo", "valoracion_inicial"=>"", "modelo"=>"", "item_id"=>"", "fecha_adq(1i)"=>"2010", "marca_id"=>"", "codigo_new"=>""}}
  [4;36;1mInventario Create (1.3ms)[0m   [0;1mINSERT INTO "inventarios" ("created_at", "estado_id", "valoracion_actual", "color_id", "fecha_adq", "updated_at", "area_id", "costo", "observaciones", "serie", "codigo_old", "modelo", "fecha_valoracion", "valoracion_inicial", "item_id", "codigo_new", "marca_id") VALUES('2010-07-15 17:06:42', NULL, NULL, NULL, '2010-07-15', '2010-07-15 17:06:42', 3, NULL, '', '', 'amo', '', '2010-07-15', NULL, NULL, '', NULL)[0m
Redirected to http://localhost:3000/inventarios/1
Completed in 110ms (DB: 1) | 302 Found [http://localhost/inventarios]


Processing InventariosController#show (for 127.0.0.1 at 2010-07-15 11:06:43) [GET]
  Parameters: {"id"=>"1"}
  [4;35;1mInventario Load (1.8ms)[0m   [0mSELECT * FROM "inventarios" WHERE ("inventarios"."id" = 1) [0m
Rendering template within layouts/inventarios
Rendering inventarios/show
  [4;36;1mArea Load (1.0ms)[0m   [0;1mSELECT * FROM "areas" WHERE ("areas"."id" = 3) [0m
Completed in 96ms (View: 57, DB: 3) | 200 OK [http://localhost/inventarios/1]


Processing InventariosController#index (for 127.0.0.1 at 2010-07-16 11:37:50) [GET]
  [4;36;1mSQL (3.1ms)[0m   [0;1m SELECT name
 FROM sqlite_master
 WHERE type = 'table' AND NOT name = 'sqlite_sequence'
[0m
  [4;35;1mSQL (2.4ms)[0m   [0m SELECT name
 FROM sqlite_master
 WHERE type = 'table' AND NOT name = 'sqlite_sequence'
[0m

NameError (undefined local variable or method `dependent' for #<Class:0xb6fb70b4>):
  app/models/inventario.rb:3
  app/controllers/inventarios_controller.rb:5:in `index'
  /usr/lib/ruby/1.8/webrick/httpserver.rb:104:in `service'
  /usr/lib/ruby/1.8/webrick/httpserver.rb:65:in `run'
  /usr/lib/ruby/1.8/webrick/server.rb:173:in `start_thread'
  /usr/lib/ruby/1.8/webrick/server.rb:162:in `start'
  /usr/lib/ruby/1.8/webrick/server.rb:162:in `start_thread'
  /usr/lib/ruby/1.8/webrick/server.rb:95:in `start'
  /usr/lib/ruby/1.8/webrick/server.rb:92:in `each'
  /usr/lib/ruby/1.8/webrick/server.rb:92:in `start'
  /usr/lib/ruby/1.8/webrick/server.rb:23:in `start'
  /usr/lib/ruby/1.8/webrick/server.rb:82:in `start'

Rendered rescues/_trace (176.6ms)
Rendered rescues/_request_and_response (6.1ms)
Rendering rescues/layout (internal_server_error)


Processing InventariosController#index (for 127.0.0.1 at 2010-07-16 11:39:57) [GET]
  [4;36;1mInventario Load (4.3ms)[0m   [0;1mSELECT * FROM "inventarios" [0m
Rendering template within layouts/inventarios
Rendering inventarios/index
Completed in 355ms (View: 313, DB: 4) | 200 OK [http://localhost/inventarios]


Processing InventariosController#new (for 127.0.0.1 at 2010-07-16 11:40:03) [GET]
Rendering template within layouts/inventarios
Rendering inventarios/new
  [4;35;1mArea Load (22.0ms)[0m   [0mSELECT * FROM "areas" ORDER BY descripcion[0m

ActionView::TemplateError (undefined method `foto_for' for #<ActionView::Base:0xb709f918>) on line #70 of app/views/inventarios/new.html.erb:
67:   </p>
68:   <%= label :inventario, :foto %>    
69:     <!-- #END:start -->
70:     <%= foto_for @inventario, :small %>
71:     <br />
72:     <!-- #START:start -->
73:     <%= file_field_tag :foto_file %>

    app/views/inventarios/new.html.erb:70
    app/views/inventarios/new.html.erb:3
    app/controllers/inventarios_controller.rb:29:in `new'
    /usr/lib/ruby/1.8/webrick/httpserver.rb:104:in `service'
    /usr/lib/ruby/1.8/webrick/httpserver.rb:65:in `run'
    /usr/lib/ruby/1.8/webrick/server.rb:173:in `start_thread'
    /usr/lib/ruby/1.8/webrick/server.rb:162:in `start'
    /usr/lib/ruby/1.8/webrick/server.rb:162:in `start_thread'
    /usr/lib/ruby/1.8/webrick/server.rb:95:in `start'
    /usr/lib/ruby/1.8/webrick/server.rb:92:in `each'
    /usr/lib/ruby/1.8/webrick/server.rb:92:in `start'
    /usr/lib/ruby/1.8/webrick/server.rb:23:in `start'
    /usr/lib/ruby/1.8/webrick/server.rb:82:in `start'

Rendered rescues/_trace (257.4ms)
Rendered rescues/_request_and_response (1.4ms)
Rendering rescues/layout (internal_server_error)


Processing InventariosController#new (for 127.0.0.1 at 2010-07-16 11:43:08) [GET]
Rendering template within layouts/inventarios
Rendering inventarios/new
  [4;36;1mArea Load (19.3ms)[0m   [0;1mSELECT * FROM "areas" ORDER BY descripcion[0m
Completed in 355ms (View: 304, DB: 19) | 200 OK [http://localhost/inventarios/new]


Processing InventariosController#create (for 127.0.0.1 at 2010-07-16 11:43:40) [POST]
  Parameters: {"commit"=>"Create", "foto_file"=>"77482-1.jpg", "authenticity_token"=>"GpcXnNd/YBZNZCBMa2BqytKMS+XY662dDY2jm9ckF+s=", "inventario"=>{"fecha_adq(2i)"=>"7", "fecha_adq(3i)"=>"16", "valoracion_actual"=>"", "estado_id"=>"", "color_id"=>"", "observaciones"=>"", "fecha_valoracion(1i)"=>"2010", "costo"=>"", "area_id"=>"11", "fecha_valoracion(2i)"=>"7", "fecha_valoracion(3i)"=>"16", "serie"=>"", "codigo_old"=>"", "valoracion_inicial"=>"", "modelo"=>"", "item_id"=>"", "fecha_adq(1i)"=>"2010", "marca_id"=>"", "codigo_new"=>""}}
  [4;35;1mSQL (2.0ms)[0m   [0m SELECT name
 FROM sqlite_master
 WHERE type = 'table' AND NOT name = 'sqlite_sequence'
[0m
  [4;36;1mSQL (2.1ms)[0m   [0;1m SELECT name
 FROM sqlite_master
 WHERE type = 'table' AND NOT name = 'sqlite_sequence'
[0m

NoMethodError (undefined method `has_attachment' for Foto(Table doesn't exist):Class):
  app/models/foto.rb:12
  app/controllers/inventarios_controller.rb:45:in `create'
  /usr/lib/ruby/1.8/webrick/httpserver.rb:104:in `service'
  /usr/lib/ruby/1.8/webrick/httpserver.rb:65:in `run'
  /usr/lib/ruby/1.8/webrick/server.rb:173:in `start_thread'
  /usr/lib/ruby/1.8/webrick/server.rb:162:in `start'
  /usr/lib/ruby/1.8/webrick/server.rb:162:in `start_thread'
  /usr/lib/ruby/1.8/webrick/server.rb:95:in `start'
  /usr/lib/ruby/1.8/webrick/server.rb:92:in `each'
  /usr/lib/ruby/1.8/webrick/server.rb:92:in `start'
  /usr/lib/ruby/1.8/webrick/server.rb:23:in `start'
  /usr/lib/ruby/1.8/webrick/server.rb:82:in `start'

Rendered rescues/_trace (182.8ms)
Rendered rescues/_request_and_response (2.3ms)
Rendering rescues/layout (internal_server_error)
  [4;36;1mSQL (3.9ms)[0m   [0;1m SELECT name
 FROM sqlite_master
 WHERE type = 'table' AND NOT name = 'sqlite_sequence'
[0m
  [4;35;1mSQL (2.1ms)[0m   [0mSELECT version FROM schema_migrations[0m
Migrating to CreateInventarios (20100715163844)
Migrating to CreateAreas (20100715163850)
Migrating to CreateItems (20100715163857)
Migrating to CreateMarcas (20100715163904)
Migrating to CreateEstados (20100715163910)
Migrating to CreateColors (20100715163917)
Migrating to CreateGrupos (20100715163924)
Migrating to CreateFotos (20100716165610)
  [4;36;1mSQL (0.7ms)[0m   [0;1mselect sqlite_version(*)[0m
  [4;35;1mSQL (2.0ms)[0m   [0mCREATE TABLE "fotos" ("id" INTEGER PRIMARY KEY AUTOINCREMENT NOT NULL, "inventario_id" integer, "parent_id" integer, "size" integer, "width" integer, "height" integer, "content_type" varchar(255), "filename" varchar(255), "thumbnail" varchar(255), "created_at" datetime, "updated_at" datetime) [0m
  [4;36;1mSQL (0.6ms)[0m   [0;1mINSERT INTO schema_migrations (version) VALUES ('20100716165610')[0m
  [4;35;1mSQL (2.4ms)[0m   [0m SELECT name
 FROM sqlite_master
 WHERE type = 'table' AND NOT name = 'sqlite_sequence'
[0m
  [4;36;1mSQL (2.3ms)[0m   [0;1mSELECT version FROM schema_migrations[0m
  [4;35;1mSQL (2.4ms)[0m   [0m SELECT name
 FROM sqlite_master
 WHERE type = 'table' AND NOT name = 'sqlite_sequence'
[0m
  [4;36;1mSQL (0.3ms)[0m   [0;1mPRAGMA index_list("areas")[0m
  [4;35;1mSQL (0.3ms)[0m   [0mPRAGMA index_list("colors")[0m
  [4;36;1mSQL (0.3ms)[0m   [0;1mPRAGMA index_list("estados")[0m
  [4;35;1mSQL (0.4ms)[0m   [0mPRAGMA index_list("fotos")[0m
  [4;36;1mSQL (0.3ms)[0m   [0;1mPRAGMA index_list("grupos")[0m
  [4;35;1mSQL (0.4ms)[0m   [0mPRAGMA index_list("inventarios")[0m
  [4;36;1mSQL (0.3ms)[0m   [0;1mPRAGMA index_list("items")[0m
  [4;35;1mSQL (0.3ms)[0m   [0mPRAGMA index_list("marcas")[0m


Processing InventariosController#create (for 127.0.0.1 at 2010-07-16 11:45:31) [POST]
  Parameters: {"commit"=>"Create", "foto_file"=>"77482-1.jpg", "authenticity_token"=>"GpcXnNd/YBZNZCBMa2BqytKMS+XY662dDY2jm9ckF+s=", "inventario"=>{"fecha_adq(2i)"=>"7", "fecha_adq(3i)"=>"16", "valoracion_actual"=>"", "estado_id"=>"", "color_id"=>"", "observaciones"=>"", "fecha_valoracion(1i)"=>"2010", "costo"=>"", "area_id"=>"11", "fecha_valoracion(2i)"=>"7", "fecha_valoracion(3i)"=>"16", "serie"=>"", "codigo_old"=>"", "valoracion_inicial"=>"", "modelo"=>"", "item_id"=>"", "fecha_adq(1i)"=>"2010", "marca_id"=>"", "codigo_new"=>""}}
  [4;36;1mSQL (2.7ms)[0m   [0;1m SELECT name
 FROM sqlite_master
 WHERE type = 'table' AND NOT name = 'sqlite_sequence'
[0m
  [4;35;1mSQL (2.4ms)[0m   [0m SELECT name
 FROM sqlite_master
 WHERE type = 'table' AND NOT name = 'sqlite_sequence'
[0m

NoMethodError (undefined method `has_attachment' for #<Class:0xb6f709c0>):
  app/models/foto.rb:12
  app/controllers/inventarios_controller.rb:45:in `create'
  /usr/lib/ruby/1.8/webrick/httpserver.rb:104:in `service'
  /usr/lib/ruby/1.8/webrick/httpserver.rb:65:in `run'
  /usr/lib/ruby/1.8/webrick/server.rb:173:in `start_thread'
  /usr/lib/ruby/1.8/webrick/server.rb:162:in `start'
  /usr/lib/ruby/1.8/webrick/server.rb:162:in `start_thread'
  /usr/lib/ruby/1.8/webrick/server.rb:95:in `start'
  /usr/lib/ruby/1.8/webrick/server.rb:92:in `each'
  /usr/lib/ruby/1.8/webrick/server.rb:92:in `start'
  /usr/lib/ruby/1.8/webrick/server.rb:23:in `start'
  /usr/lib/ruby/1.8/webrick/server.rb:82:in `start'

Rendered rescues/_trace (165.3ms)
Rendered rescues/_request_and_response (5.9ms)
Rendering rescues/layout (internal_server_error)
  [4;36;1mSQL (2.9ms)[0m   [0;1m SELECT name
 FROM sqlite_master
 WHERE type = 'table' AND NOT name = 'sqlite_sequence'
[0m
  [4;36;1mSQL (2.9ms)[0m   [0;1m SELECT name
 FROM sqlite_master
 WHERE type = 'table' AND NOT name = 'sqlite_sequence'
[0m


Processing InventariosController#index (for 127.0.0.1 at 2010-07-16 12:00:34) [GET]
  [4;36;1mInventario Load (4.4ms)[0m   [0;1mSELECT * FROM "inventarios" [0m
Rendering template within layouts/inventarios
Rendering inventarios/index
Completed in 177ms (View: 122, DB: 4) | 200 OK [http://localhost/inventarios]


Processing InventariosController#new (for 127.0.0.1 at 2010-07-16 12:00:37) [GET]
Rendering template within layouts/inventarios
Rendering inventarios/new
  [4;35;1mArea Load (15.0ms)[0m   [0mSELECT * FROM "areas" ORDER BY descripcion[0m
Completed in 247ms (View: 196, DB: 15) | 200 OK [http://localhost/inventarios/new]


Processing InventariosController#create (for 127.0.0.1 at 2010-07-16 12:00:47) [POST]
  Parameters: {"commit"=>"Create", "foto_file"=>"77482-1.jpg", "authenticity_token"=>"GpcXnNd/YBZNZCBMa2BqytKMS+XY662dDY2jm9ckF+s=", "inventario"=>{"fecha_adq(2i)"=>"7", "fecha_adq(3i)"=>"16", "valoracion_actual"=>"", "estado_id"=>"", "color_id"=>"", "observaciones"=>"", "fecha_valoracion(1i)"=>"2010", "costo"=>"", "area_id"=>"11", "fecha_valoracion(2i)"=>"7", "fecha_valoracion(3i)"=>"16", "serie"=>"", "codigo_old"=>"", "valoracion_inicial"=>"", "modelo"=>"", "item_id"=>"", "fecha_adq(1i)"=>"2010", "marca_id"=>"", "codigo_new"=>""}}
  [4;36;1mInventario Create (5.5ms)[0m   [0;1mINSERT INTO "inventarios" ("created_at", "estado_id", "valoracion_actual", "color_id", "fecha_adq", "updated_at", "area_id", "costo", "observaciones", "serie", "codigo_old", "modelo", "fecha_valoracion", "valoracion_inicial", "item_id", "codigo_new", "marca_id") VALUES('2010-07-16 18:00:48', NULL, NULL, NULL, '2010-07-16', '2010-07-16 18:00:48', 11, NULL, '', '', '', '', '2010-07-16', NULL, NULL, '', NULL)[0m
Redirected to http://localhost:3000/inventarios/2
Completed in 653ms (DB: 6) | 302 Found [http://localhost/inventarios]


Processing InventariosController#show (for 127.0.0.1 at 2010-07-16 12:00:48) [GET]
  Parameters: {"id"=>"2"}
  [4;35;1mInventario Load (2.5ms)[0m   [0mSELECT * FROM "inventarios" WHERE ("inventarios"."id" = 2) [0m
Rendering template within layouts/inventarios
Rendering inventarios/show
  [4;36;1mArea Load (1.3ms)[0m   [0;1mSELECT * FROM "areas" WHERE ("areas"."id" = 11) [0m
Completed in 143ms (View: 91, DB: 4) | 200 OK [http://localhost/inventarios/2]
  [4;36;1mFoto Load (2.5ms)[0m   [0;1mSELECT * FROM "fotos" LIMIT 1[0m


Processing InventariosController#new (for 127.0.0.1 at 2010-07-16 12:05:49) [GET]
Rendering template within layouts/inventarios
Rendering inventarios/new
  [4;36;1mArea Load (18.1ms)[0m   [0;1mSELECT * FROM "areas" ORDER BY descripcion[0m
Completed in 384ms (View: 298, DB: 18) | 200 OK [http://localhost/inventarios/new]


Processing InventariosController#create (for 127.0.0.1 at 2010-07-16 12:05:57) [POST]
  Parameters: {"commit"=>"Create", "foto_file"=>"77482-1.jpg", "authenticity_token"=>"GpcXnNd/YBZNZCBMa2BqytKMS+XY662dDY2jm9ckF+s=", "inventario"=>{"fecha_adq(2i)"=>"7", "fecha_adq(3i)"=>"16", "valoracion_actual"=>"", "estado_id"=>"", "color_id"=>"", "observaciones"=>"", "fecha_valoracion(1i)"=>"2010", "costo"=>"", "area_id"=>"11", "fecha_valoracion(2i)"=>"7", "fecha_valoracion(3i)"=>"16", "serie"=>"", "codigo_old"=>"", "valoracion_inicial"=>"", "modelo"=>"", "item_id"=>"", "fecha_adq(1i)"=>"2010", "marca_id"=>"", "codigo_new"=>""}}
Rendering template within layouts/inventarios
Rendering inventarios/new
  [4;35;1mArea Load (19.0ms)[0m   [0mSELECT * FROM "areas" ORDER BY descripcion[0m
Completed in 652ms (View: 314, DB: 19) | 200 OK [http://localhost/inventarios]


Processing InventariosController#create (for 127.0.0.1 at 2010-07-16 12:10:55) [POST]
  Parameters: {"commit"=>"Create", "foto_file"=>"77482-1.jpg", "authenticity_token"=>"GpcXnNd/YBZNZCBMa2BqytKMS+XY662dDY2jm9ckF+s=", "inventario"=>{"fecha_adq(2i)"=>"7", "fecha_adq(3i)"=>"16", "valoracion_actual"=>"", "estado_id"=>"", "color_id"=>"", "observaciones"=>"", "fecha_valoracion(1i)"=>"2010", "costo"=>"", "area_id"=>"11", "fecha_valoracion(2i)"=>"7", "fecha_valoracion(3i)"=>"16", "serie"=>"", "codigo_old"=>"", "valoracion_inicial"=>"", "modelo"=>"", "item_id"=>"", "fecha_adq(1i)"=>"2010", "marca_id"=>"", "codigo_new"=>""}}
Rendering template within layouts/inventarios
Rendering inventarios/new
  [4;36;1mArea Load (18.2ms)[0m   [0;1mSELECT * FROM "areas" ORDER BY descripcion[0m
Completed in 315ms (View: 132, DB: 18) | 200 OK [http://localhost/inventarios]


Processing InventariosController#create (for 127.0.0.1 at 2010-07-16 12:15:01) [POST]
  Parameters: {"commit"=>"Create", "foto_file"=>"52404-system-immunized_sxga.jpg", "authenticity_token"=>"GpcXnNd/YBZNZCBMa2BqytKMS+XY662dDY2jm9ckF+s=", "inventario"=>{"fecha_adq(2i)"=>"7", "fecha_adq(3i)"=>"16", "valoracion_actual"=>"", "estado_id"=>"", "color_id"=>"", "observaciones"=>"", "fecha_valoracion(1i)"=>"2010", "costo"=>"", "area_id"=>"11", "fecha_valoracion(2i)"=>"7", "fecha_valoracion(3i)"=>"16", "serie"=>"", "codigo_old"=>"", "valoracion_inicial"=>"", "modelo"=>"", "item_id"=>"", "fecha_adq(1i)"=>"2010", "marca_id"=>"", "codigo_new"=>""}}
Rendering template within layouts/inventarios
Rendering inventarios/new
  [4;35;1mArea Load (27.7ms)[0m   [0mSELECT * FROM "areas" ORDER BY descripcion[0m
Completed in 368ms (View: 158, DB: 28) | 200 OK [http://localhost/inventarios]


Processing InventariosController#create (for 127.0.0.1 at 2010-07-16 12:18:05) [POST]
  Parameters: {"commit"=>"Create", "foto_file"=>"77482-1.jpg", "authenticity_token"=>"GpcXnNd/YBZNZCBMa2BqytKMS+XY662dDY2jm9ckF+s=", "inventario"=>{"fecha_adq(2i)"=>"7", "fecha_adq(3i)"=>"16", "valoracion_actual"=>"", "estado_id"=>"", "color_id"=>"", "observaciones"=>"", "fecha_valoracion(1i)"=>"2010", "costo"=>"", "area_id"=>"11", "fecha_valoracion(2i)"=>"7", "fecha_valoracion(3i)"=>"16", "serie"=>"", "codigo_old"=>"", "valoracion_inicial"=>"", "modelo"=>"", "item_id"=>"", "fecha_adq(1i)"=>"2010", "marca_id"=>"", "codigo_new"=>""}}
Rendering template within layouts/inventarios
Rendering inventarios/new
  [4;36;1mArea Load (19.9ms)[0m   [0;1mSELECT * FROM "areas" ORDER BY descripcion[0m
Completed in 462ms (View: 140, DB: 20) | 200 OK [http://localhost/inventarios]


Processing InventariosController#create (for 127.0.0.1 at 2010-07-16 12:24:26) [POST]
  Parameters: {"commit"=>"Create", "foto_file"=>"000790354eu1.jpg", "authenticity_token"=>"GpcXnNd/YBZNZCBMa2BqytKMS+XY662dDY2jm9ckF+s=", "inventario"=>{"fecha_adq(2i)"=>"7", "fecha_adq(3i)"=>"16", "valoracion_actual"=>"", "estado_id"=>"", "color_id"=>"", "observaciones"=>"", "fecha_valoracion(1i)"=>"2010", "costo"=>"", "area_id"=>"11", "fecha_valoracion(2i)"=>"7", "fecha_valoracion(3i)"=>"16", "serie"=>"", "codigo_old"=>"", "valoracion_inicial"=>"", "modelo"=>"", "item_id"=>"", "fecha_adq(1i)"=>"2010", "marca_id"=>"", "codigo_new"=>""}}
Rendering template within layouts/inventarios
Rendering inventarios/new
  [4;36;1mArea Load (18.6ms)[0m   [0;1mSELECT * FROM "areas" ORDER BY descripcion[0m
Completed in 579ms (View: 235, DB: 19) | 200 OK [http://localhost/inventarios]


Processing InventariosController#create (for 127.0.0.1 at 2010-07-16 12:32:13) [POST]
  Parameters: {"commit"=>"Create", "foto_file"=>"77482-1.jpg", "authenticity_token"=>"GpcXnNd/YBZNZCBMa2BqytKMS+XY662dDY2jm9ckF+s=", "inventario"=>{"fecha_adq(2i)"=>"7", "fecha_adq(3i)"=>"16", "valoracion_actual"=>"", "estado_id"=>"", "color_id"=>"", "observaciones"=>"", "fecha_valoracion(1i)"=>"2010", "costo"=>"", "area_id"=>"11", "fecha_valoracion(2i)"=>"7", "fecha_valoracion(3i)"=>"16", "serie"=>"", "codigo_old"=>"", "valoracion_inicial"=>"", "modelo"=>"", "item_id"=>"", "fecha_adq(1i)"=>"2010", "marca_id"=>"", "codigo_new"=>""}}
Rendering template within layouts/inventarios
Rendering inventarios/new
  [4;35;1mArea Load (12.7ms)[0m   [0mSELECT * FROM "areas" ORDER BY descripcion[0m
Completed in 416ms (View: 145, DB: 13) | 200 OK [http://localhost/inventarios]
